c:\users\marcel\downloads\codiestudiants\estudiants\lp-osm-2223-dll\x64\debug\lp-osm-2223-dll.pch
c:\users\marcel\downloads\codiestudiants\estudiants\lp-osm-2223-dll\x64\debug\vc142.pdb
c:\users\marcel\downloads\codiestudiants\estudiants\lp-osm-2223-dll\x64\debug\vc142.idb
c:\users\marcel\downloads\codiestudiants\estudiants\lp-osm-2223-dll\x64\debug\pch.obj
c:\users\marcel\downloads\codiestudiants\estudiants\lp-osm-2223-dll\x64\debug\xml4osmutil.obj
c:\users\marcel\downloads\codiestudiants\estudiants\lp-osm-2223-dll\x64\debug\util.obj
c:\users\marcel\downloads\codiestudiants\estudiants\lp-osm-2223-dll\x64\debug\puntdeinteresbase.obj
c:\users\marcel\downloads\codiestudiants\estudiants\lp-osm-2223-dll\x64\debug\maparender.obj
c:\users\marcel\downloads\codiestudiants\estudiants\lp-osm-2223-dll\x64\debug\dllmain.obj
c:\users\marcel\downloads\codiestudiants\estudiants\lp-osm-2223-dll\x64\debug\dll-bridge.obj
c:\users\marcel\downloads\codiestudiants\estudiants\lp-osm-2223-dll\x64\debug\lp-osm-2223-dll.ilk
c:\users\marcel\downloads\codiestudiants\estudiants\x64\debug\lp-osm-2223-dll.dll
c:\users\marcel\downloads\codiestudiants\estudiants\x64\debug\lp-osm-2223-dll.pdb
c:\users\marcel\downloads\codiestudiants\estudiants\x64\debug\lp-osm-2223-dll.lib
c:\users\marcel\downloads\codiestudiants\estudiants\x64\debug\lp-osm-2223-dll.exp
c:\users\marcel\downloads\codiestudiants\estudiants\lp-osm-2223-dll\x64\debug\lp-osm-2223-dll.tlog\cl.command.1.tlog
c:\users\marcel\downloads\codiestudiants\estudiants\lp-osm-2223-dll\x64\debug\lp-osm-2223-dll.tlog\cl.read.1.tlog
c:\users\marcel\downloads\codiestudiants\estudiants\lp-osm-2223-dll\x64\debug\lp-osm-2223-dll.tlog\cl.write.1.tlog
c:\users\marcel\downloads\codiestudiants\estudiants\lp-osm-2223-dll\x64\debug\lp-osm-2223-dll.tlog\link.command.1.tlog
c:\users\marcel\downloads\codiestudiants\estudiants\lp-osm-2223-dll\x64\debug\lp-osm-2223-dll.tlog\link.read.1.tlog
c:\users\marcel\downloads\codiestudiants\estudiants\lp-osm-2223-dll\x64\debug\lp-osm-2223-dll.tlog\link.write.1.tlog
c:\users\marcel\downloads\codiestudiants\estudiants\lp-osm-2223-dll\x64\debug\lp-osm-2223-dll.tlog\lp-osm-2223-dll.write.1u.tlog
