     Creando biblioteca C:\Users\MARCEL\Downloads\codiEstudiants\estudiants\Debug\LP-OSM-2223-DLL.lib y objeto C:\Users\MARCEL\Downloads\codiEstudiants\estudiants\Debug\LP-OSM-2223-DLL.exp
XML4OSMUtil.obj : error LNK2019: símbolo externo "__declspec(dllimport) public: static void * __cdecl xercesc_3_2::XMemory::operator new(unsigned int)" (__imp_??2XMemory@xercesc_3_2@@SAPAXI@Z) sin resolver al que se hace referencia en la función "public: __thiscall XML4OSMUtil::XML4OSMUtil(void)" (??0XML4OSMUtil@@QAE@XZ)
XML4OSMUtil.obj : error LNK2019: símbolo externo "__declspec(dllimport) public: static void __cdecl xercesc_3_2::XMemory::operator delete(void *)" (__imp_??3XMemory@xercesc_3_2@@SAXPAX@Z) sin resolver al que se hace referencia en la función __unwindfunclet$??0XML4OSMUtil@@QAE@XZ$0
XML4OSMUtil.obj : error LNK2019: símbolo externo "__declspec(dllimport) public: static void __cdecl xercesc_3_2::XMLPlatformUtils::Initialize(char const * const,char const * const,class xercesc_3_2::PanicHandler * const,class xercesc_3_2::MemoryManager * const)" (__imp_?Initialize@XMLPlatformUtils@xercesc_3_2@@SAXQBD0QAVPanicHandler@2@QAVMemoryManager@2@@Z) sin resolver al que se hace referencia en la función "public: __thiscall XML4OSMUtil::XML4OSMUtil(void)" (??0XML4OSMUtil@@QAE@XZ)
XML4OSMUtil.obj : error LNK2019: símbolo externo "__declspec(dllimport) public: static char * __cdecl xercesc_3_2::XMLString::transcode(char16_t const * const,class xercesc_3_2::MemoryManager * const)" (__imp_?transcode@XMLString@xercesc_3_2@@SAPADQB_SQAVMemoryManager@2@@Z) sin resolver al que se hace referencia en la función "public: class std::vector<struct XmlElement,class std::allocator<struct XmlElement> > __thiscall XML4OSMUtil::parseXML(char const *)" (?parseXML@XML4OSMUtil@@QAE?AV?$vector@UXmlElement@@V?$allocator@UXmlElement@@@std@@@std@@PBD@Z)
XML4OSMUtil.obj : error LNK2019: símbolo externo "__declspec(dllimport) public: class xercesc_3_2::DOMDocument * __thiscall xercesc_3_2::AbstractDOMParser::getDocument(void)" (__imp_?getDocument@AbstractDOMParser@xercesc_3_2@@QAEPAVDOMDocument@2@XZ) sin resolver al que se hace referencia en la función "public: class std::vector<struct XmlElement,class std::allocator<struct XmlElement> > __thiscall XML4OSMUtil::parseXML(char const *)" (?parseXML@XML4OSMUtil@@QAE?AV?$vector@UXmlElement@@V?$allocator@UXmlElement@@@std@@@std@@PBD@Z)
XML4OSMUtil.obj : error LNK2019: símbolo externo "__declspec(dllimport) public: void __thiscall xercesc_3_2::AbstractDOMParser::parse(char const * const)" (__imp_?parse@AbstractDOMParser@xercesc_3_2@@QAEXQBD@Z) sin resolver al que se hace referencia en la función "public: class std::vector<struct XmlElement,class std::allocator<struct XmlElement> > __thiscall XML4OSMUtil::parseXML(char const *)" (?parseXML@XML4OSMUtil@@QAE?AV?$vector@UXmlElement@@V?$allocator@UXmlElement@@@std@@@std@@PBD@Z)
XML4OSMUtil.obj : error LNK2019: símbolo externo "__declspec(dllimport) public: __thiscall xercesc_3_2::XercesDOMParser::XercesDOMParser(class xercesc_3_2::XMLValidator * const,class xercesc_3_2::MemoryManager * const,class xercesc_3_2::XMLGrammarPool * const)" (__imp_??0XercesDOMParser@xercesc_3_2@@QAE@QAVXMLValidator@1@QAVMemoryManager@1@QAVXMLGrammarPool@1@@Z) sin resolver al que se hace referencia en la función "public: __thiscall XML4OSMUtil::XML4OSMUtil(void)" (??0XML4OSMUtil@@QAE@XZ)
XML4OSMUtil.obj : error LNK2019: símbolo externo "__declspec(dllimport) public: virtual __thiscall xercesc_3_2::XercesDOMParser::~XercesDOMParser(void)" (__imp_??1XercesDOMParser@xercesc_3_2@@UAE@XZ) sin resolver al que se hace referencia en la función "public: virtual void * __thiscall xercesc_3_2::XercesDOMParser::`scalar deleting destructor'(unsigned int)" (??_GXercesDOMParser@xercesc_3_2@@UAEPAXI@Z)
XML4OSMUtil.obj : error LNK2001: símbolo externo "public: virtual void __thiscall xercesc_3_2::AbstractDOMParser::TextDecl(char16_t const * const,char16_t const * const)" (?TextDecl@AbstractDOMParser@xercesc_3_2@@UAEXQB_S0@Z) sin resolver
XML4OSMUtil.obj : error LNK2001: símbolo externo "public: virtual void __thiscall xercesc_3_2::AbstractDOMParser::XMLDecl(char16_t const * const,char16_t const * const,char16_t const * const,char16_t const * const)" (?XMLDecl@AbstractDOMParser@xercesc_3_2@@UAEXQB_S000@Z) sin resolver
XML4OSMUtil.obj : error LNK2001: símbolo externo "public: virtual void __thiscall xercesc_3_2::AbstractDOMParser::attDef(class xercesc_3_2::DTDElementDecl const &,class xercesc_3_2::DTDAttDef const &,bool)" (?attDef@AbstractDOMParser@xercesc_3_2@@UAEXABVDTDElementDecl@2@ABVDTDAttDef@2@_N@Z) sin resolver
XML4OSMUtil.obj : error LNK2001: símbolo externo "protected: virtual class xercesc_3_2::DOMAttr * __thiscall xercesc_3_2::AbstractDOMParser::createAttr(char16_t const *)" (?createAttr@AbstractDOMParser@xercesc_3_2@@MAEPAVDOMAttr@2@PB_S@Z) sin resolver
XML4OSMUtil.obj : error LNK2001: símbolo externo "protected: virtual class xercesc_3_2::DOMAttr * __thiscall xercesc_3_2::AbstractDOMParser::createAttrNS(char16_t const *,char16_t const *,char16_t const *,char16_t const *)" (?createAttrNS@AbstractDOMParser@xercesc_3_2@@MAEPAVDOMAttr@2@PB_S000@Z) sin resolver
XML4OSMUtil.obj : error LNK2001: símbolo externo "protected: virtual class xercesc_3_2::DOMCDATASection * __thiscall xercesc_3_2::AbstractDOMParser::createCDATASection(char16_t const *,unsigned int)" (?createCDATASection@AbstractDOMParser@xercesc_3_2@@MAEPAVDOMCDATASection@2@PB_SI@Z) sin resolver
XML4OSMUtil.obj : error LNK2001: símbolo externo "protected: virtual class xercesc_3_2::DOMElement * __thiscall xercesc_3_2::AbstractDOMParser::createElement(char16_t const *)" (?createElement@AbstractDOMParser@xercesc_3_2@@MAEPAVDOMElement@2@PB_S@Z) sin resolver
XML4OSMUtil.obj : error LNK2001: símbolo externo "protected: virtual class xercesc_3_2::DOMElement * __thiscall xercesc_3_2::AbstractDOMParser::createElementNS(char16_t const *,char16_t const *,char16_t const *,char16_t const *)" (?createElementNS@AbstractDOMParser@xercesc_3_2@@MAEPAVDOMElement@2@PB_S000@Z) sin resolver
XML4OSMUtil.obj : error LNK2001: símbolo externo "protected: virtual class xercesc_3_2::DOMText * __thiscall xercesc_3_2::AbstractDOMParser::createText(char16_t const *,unsigned int)" (?createText@AbstractDOMParser@xercesc_3_2@@MAEPAVDOMText@2@PB_SI@Z) sin resolver
XML4OSMUtil.obj : error LNK2001: símbolo externo "public: virtual void __thiscall xercesc_3_2::AbstractDOMParser::docCharacters(char16_t const * const,unsigned int,bool)" (?docCharacters@AbstractDOMParser@xercesc_3_2@@UAEXQB_SI_N@Z) sin resolver
XML4OSMUtil.obj : error LNK2001: símbolo externo "public: virtual void __thiscall xercesc_3_2::AbstractDOMParser::docComment(char16_t const * const)" (?docComment@AbstractDOMParser@xercesc_3_2@@UAEXQB_S@Z) sin resolver
XML4OSMUtil.obj : error LNK2001: símbolo externo "public: virtual void __thiscall xercesc_3_2::AbstractDOMParser::docPI(char16_t const * const,char16_t const * const)" (?docPI@AbstractDOMParser@xercesc_3_2@@UAEXQB_S0@Z) sin resolver
XML4OSMUtil.obj : error LNK2001: símbolo externo "public: virtual void __thiscall xercesc_3_2::AbstractDOMParser::doctypeComment(char16_t const * const)" (?doctypeComment@AbstractDOMParser@xercesc_3_2@@UAEXQB_S@Z) sin resolver
XML4OSMUtil.obj : error LNK2001: símbolo externo "public: virtual void __thiscall xercesc_3_2::AbstractDOMParser::doctypeDecl(class xercesc_3_2::DTDElementDecl const &,char16_t const * const,char16_t const * const,bool,bool)" (?doctypeDecl@AbstractDOMParser@xercesc_3_2@@UAEXABVDTDElementDecl@2@QB_S1_N2@Z) sin resolver
XML4OSMUtil.obj : error LNK2001: símbolo externo "public: virtual void __thiscall xercesc_3_2::AbstractDOMParser::doctypePI(char16_t const * const,char16_t const * const)" (?doctypePI@AbstractDOMParser@xercesc_3_2@@UAEXQB_S0@Z) sin resolver
XML4OSMUtil.obj : error LNK2001: símbolo externo "public: virtual void __thiscall xercesc_3_2::AbstractDOMParser::doctypeWhitespace(char16_t const * const,unsigned int)" (?doctypeWhitespace@AbstractDOMParser@xercesc_3_2@@UAEXQB_SI@Z) sin resolver
XML4OSMUtil.obj : error LNK2001: símbolo externo "public: virtual void __thiscall xercesc_3_2::AbstractDOMParser::elementDecl(class xercesc_3_2::DTDElementDecl const &,bool)" (?elementDecl@AbstractDOMParser@xercesc_3_2@@UAEXABVDTDElementDecl@2@_N@Z) sin resolver
XML4OSMUtil.obj : error LNK2001: símbolo externo "public: virtual void __thiscall xercesc_3_2::AbstractDOMParser::endAttList(class xercesc_3_2::DTDElementDecl const &)" (?endAttList@AbstractDOMParser@xercesc_3_2@@UAEXABVDTDElementDecl@2@@Z) sin resolver
XML4OSMUtil.obj : error LNK2001: símbolo externo "public: virtual void __thiscall xercesc_3_2::AbstractDOMParser::endDocument(void)" (?endDocument@AbstractDOMParser@xercesc_3_2@@UAEXXZ) sin resolver
XML4OSMUtil.obj : error LNK2001: símbolo externo "public: virtual void __thiscall xercesc_3_2::AbstractDOMParser::endElement(class xercesc_3_2::XMLElementDecl const &,unsigned int,bool,char16_t const * const)" (?endElement@AbstractDOMParser@xercesc_3_2@@UAEXABVXMLElementDecl@2@I_NQB_S@Z) sin resolver
XML4OSMUtil.obj : error LNK2001: símbolo externo "public: virtual void __thiscall xercesc_3_2::AbstractDOMParser::endEntityReference(class xercesc_3_2::XMLEntityDecl const &)" (?endEntityReference@AbstractDOMParser@xercesc_3_2@@UAEXABVXMLEntityDecl@2@@Z) sin resolver
XML4OSMUtil.obj : error LNK2001: símbolo externo "public: virtual void __thiscall xercesc_3_2::AbstractDOMParser::endExtSubset(void)" (?endExtSubset@AbstractDOMParser@xercesc_3_2@@UAEXXZ) sin resolver
XML4OSMUtil.obj : error LNK2001: símbolo externo "public: virtual void __thiscall xercesc_3_2::XercesDOMParser::endInputSource(class xercesc_3_2::InputSource const &)" (?endInputSource@XercesDOMParser@xercesc_3_2@@UAEXABVInputSource@2@@Z) sin resolver
XML4OSMUtil.obj : error LNK2001: símbolo externo "public: virtual void __thiscall xercesc_3_2::AbstractDOMParser::endIntSubset(void)" (?endIntSubset@AbstractDOMParser@xercesc_3_2@@UAEXXZ) sin resolver
XML4OSMUtil.obj : error LNK2001: símbolo externo "public: virtual void __thiscall xercesc_3_2::AbstractDOMParser::entityDecl(class xercesc_3_2::DTDEntityDecl const &,bool,bool)" (?entityDecl@AbstractDOMParser@xercesc_3_2@@UAEXABVDTDEntityDecl@2@_N1@Z) sin resolver
XML4OSMUtil.obj : error LNK2001: símbolo externo "public: virtual void __thiscall xercesc_3_2::XercesDOMParser::error(unsigned int,char16_t const * const,enum xercesc_3_2::XMLErrorReporter::ErrTypes,char16_t const * const,char16_t const * const,char16_t const * const,unsigned __int64,unsigned __int64)" (?error@XercesDOMParser@xercesc_3_2@@UAEXIQB_SW4ErrTypes@XMLErrorReporter@2@000_K2@Z) sin resolver
XML4OSMUtil.obj : error LNK2001: símbolo externo "public: virtual bool __thiscall xercesc_3_2::XercesDOMParser::expandSystemId(char16_t const * const,class xercesc_3_2::XMLBuffer &)" (?expandSystemId@XercesDOMParser@xercesc_3_2@@UAE_NQB_SAAVXMLBuffer@2@@Z) sin resolver
XML4OSMUtil.obj : error LNK2001: símbolo externo "public: virtual void __thiscall xercesc_3_2::AbstractDOMParser::handleAttributesPSVI(char16_t const * const,char16_t const * const,class xercesc_3_2::PSVIAttributeList *)" (?handleAttributesPSVI@AbstractDOMParser@xercesc_3_2@@UAEXQB_S0PAVPSVIAttributeList@2@@Z) sin resolver
XML4OSMUtil.obj : error LNK2001: símbolo externo "public: virtual void __thiscall xercesc_3_2::AbstractDOMParser::handleElementPSVI(char16_t const * const,char16_t const * const,class xercesc_3_2::PSVIElement *)" (?handleElementPSVI@AbstractDOMParser@xercesc_3_2@@UAEXQB_S0PAVPSVIElement@2@@Z) sin resolver
XML4OSMUtil.obj : error LNK2001: símbolo externo "public: virtual void __thiscall xercesc_3_2::AbstractDOMParser::handlePartialElementPSVI(char16_t const * const,char16_t const * const,class xercesc_3_2::PSVIElement *)" (?handlePartialElementPSVI@AbstractDOMParser@xercesc_3_2@@UAEXQB_S0PAVPSVIElement@2@@Z) sin resolver
XML4OSMUtil.obj : error LNK2001: símbolo externo "public: virtual void __thiscall xercesc_3_2::AbstractDOMParser::ignorableWhitespace(char16_t const * const,unsigned int,bool)" (?ignorableWhitespace@AbstractDOMParser@xercesc_3_2@@UAEXQB_SI_N@Z) sin resolver
XML4OSMUtil.obj : error LNK2001: símbolo externo "public: virtual void __thiscall xercesc_3_2::AbstractDOMParser::notationDecl(class xercesc_3_2::XMLNotationDecl const &,bool)" (?notationDecl@AbstractDOMParser@xercesc_3_2@@UAEXABVXMLNotationDecl@2@_N@Z) sin resolver
XML4OSMUtil.obj : error LNK2001: símbolo externo "public: virtual void __thiscall xercesc_3_2::AbstractDOMParser::resetDocType(void)" (?resetDocType@AbstractDOMParser@xercesc_3_2@@UAEXXZ) sin resolver
XML4OSMUtil.obj : error LNK2001: símbolo externo "public: virtual void __thiscall xercesc_3_2::AbstractDOMParser::resetDocument(void)" (?resetDocument@AbstractDOMParser@xercesc_3_2@@UAEXXZ) sin resolver
XML4OSMUtil.obj : error LNK2001: símbolo externo "public: virtual void __thiscall xercesc_3_2::XercesDOMParser::resetEntities(void)" (?resetEntities@XercesDOMParser@xercesc_3_2@@UAEXXZ) sin resolver
XML4OSMUtil.obj : error LNK2001: símbolo externo "public: virtual void __thiscall xercesc_3_2::XercesDOMParser::resetErrors(void)" (?resetErrors@XercesDOMParser@xercesc_3_2@@UAEXXZ) sin resolver
XML4OSMUtil.obj : error LNK2001: símbolo externo "public: virtual class xercesc_3_2::InputSource * __thiscall xercesc_3_2::XercesDOMParser::resolveEntity(class xercesc_3_2::XMLResourceIdentifier *)" (?resolveEntity@XercesDOMParser@xercesc_3_2@@UAEPAVInputSource@2@PAVXMLResourceIdentifier@2@@Z) sin resolver
XML4OSMUtil.obj : error LNK2001: símbolo externo "public: virtual void __thiscall xercesc_3_2::AbstractDOMParser::setPSVIHandler(class xercesc_3_2::PSVIHandler * const)" (?setPSVIHandler@AbstractDOMParser@xercesc_3_2@@UAEXQAVPSVIHandler@2@@Z) sin resolver
XML4OSMUtil.obj : error LNK2001: símbolo externo "public: virtual void __thiscall xercesc_3_2::AbstractDOMParser::startAttList(class xercesc_3_2::DTDElementDecl const &)" (?startAttList@AbstractDOMParser@xercesc_3_2@@UAEXABVDTDElementDecl@2@@Z) sin resolver
XML4OSMUtil.obj : error LNK2001: símbolo externo "public: virtual void __thiscall xercesc_3_2::AbstractDOMParser::startDocument(void)" (?startDocument@AbstractDOMParser@xercesc_3_2@@UAEXXZ) sin resolver
XML4OSMUtil.obj : error LNK2001: símbolo externo "public: virtual void __thiscall xercesc_3_2::AbstractDOMParser::startElement(class xercesc_3_2::XMLElementDecl const &,unsigned int,char16_t const * const,class xercesc_3_2::RefVectorOf<class xercesc_3_2::XMLAttr> const &,unsigned int,bool,bool)" (?startElement@AbstractDOMParser@xercesc_3_2@@UAEXABVXMLElementDecl@2@IQB_SABV?$RefVectorOf@VXMLAttr@xercesc_3_2@@@2@I_N3@Z) sin resolver
XML4OSMUtil.obj : error LNK2001: símbolo externo "public: virtual void __thiscall xercesc_3_2::AbstractDOMParser::startEntityReference(class xercesc_3_2::XMLEntityDecl const &)" (?startEntityReference@AbstractDOMParser@xercesc_3_2@@UAEXABVXMLEntityDecl@2@@Z) sin resolver
XML4OSMUtil.obj : error LNK2001: símbolo externo "public: virtual void __thiscall xercesc_3_2::AbstractDOMParser::startExtSubset(void)" (?startExtSubset@AbstractDOMParser@xercesc_3_2@@UAEXXZ) sin resolver
XML4OSMUtil.obj : error LNK2001: símbolo externo "public: virtual void __thiscall xercesc_3_2::XercesDOMParser::startInputSource(class xercesc_3_2::InputSource const &)" (?startInputSource@XercesDOMParser@xercesc_3_2@@UAEXABVInputSource@2@@Z) sin resolver
XML4OSMUtil.obj : error LNK2001: símbolo externo "public: virtual void __thiscall xercesc_3_2::AbstractDOMParser::startIntSubset(void)" (?startIntSubset@AbstractDOMParser@xercesc_3_2@@UAEXXZ) sin resolver
XML4OSMUtil.obj : error LNK2019: símbolo externo "__declspec(dllimport) public: static char const * const xercesc_3_2::XMLUni::fgXercescDefaultLocale" (__imp_?fgXercescDefaultLocale@XMLUni@xercesc_3_2@@2QBDB) sin resolver al que se hace referencia en la función "public: __thiscall XML4OSMUtil::XML4OSMUtil(void)" (??0XML4OSMUtil@@QAE@XZ)
XML4OSMUtil.obj : error LNK2019: símbolo externo "__declspec(dllimport) public: static class xercesc_3_2::MemoryManager * xercesc_3_2::XMLPlatformUtils::fgMemoryManager" (__imp_?fgMemoryManager@XMLPlatformUtils@xercesc_3_2@@2PAVMemoryManager@2@A) sin resolver al que se hace referencia en la función "public: __thiscall XML4OSMUtil::XML4OSMUtil(void)" (??0XML4OSMUtil@@QAE@XZ)
..\third-party\lib\xerces-c_3D.lib : warning LNK4272: el tipo de máquina de biblioteca 'x64' está en conflicto con el tipo de máquina de destino 'x86'
C:\Users\MARCEL\Downloads\codiEstudiants\estudiants\Debug\LP-OSM-2223-DLL.dll : fatal error LNK1120: 55 externos sin resolver
