c:\users\marcel\downloads\codiestudiants\estudiants\lp-osm-2223-dll\debug\lp-osm-2223-dll.pch
c:\users\marcel\downloads\codiestudiants\estudiants\lp-osm-2223-dll\debug\vc142.pdb
c:\users\marcel\downloads\codiestudiants\estudiants\lp-osm-2223-dll\debug\vc142.idb
c:\users\marcel\downloads\codiestudiants\estudiants\lp-osm-2223-dll\debug\pch.obj
c:\users\marcel\downloads\codiestudiants\estudiants\lp-osm-2223-dll\debug\xml4osmutil.obj
c:\users\marcel\downloads\codiestudiants\estudiants\lp-osm-2223-dll\debug\util.obj
c:\users\marcel\downloads\codiestudiants\estudiants\lp-osm-2223-dll\debug\puntdeinteresbase.obj
c:\users\marcel\downloads\codiestudiants\estudiants\lp-osm-2223-dll\debug\maparender.obj
c:\users\marcel\downloads\codiestudiants\estudiants\lp-osm-2223-dll\debug\dllmain.obj
c:\users\marcel\downloads\codiestudiants\estudiants\lp-osm-2223-dll\debug\dll-bridge.obj
c:\users\marcel\downloads\codiestudiants\estudiants\debug\lp-osm-2223-dll.pdb
c:\users\marcel\downloads\codiestudiants\estudiants\lp-osm-2223-dll\debug\lp-osm-2223-dll.tlog\cl.command.1.tlog
c:\users\marcel\downloads\codiestudiants\estudiants\lp-osm-2223-dll\debug\lp-osm-2223-dll.tlog\cl.read.1.tlog
c:\users\marcel\downloads\codiestudiants\estudiants\lp-osm-2223-dll\debug\lp-osm-2223-dll.tlog\cl.write.1.tlog
c:\users\marcel\downloads\codiestudiants\estudiants\lp-osm-2223-dll\debug\lp-osm-2223-dll.tlog\link-cvtres.read.1.tlog
c:\users\marcel\downloads\codiestudiants\estudiants\lp-osm-2223-dll\debug\lp-osm-2223-dll.tlog\link-cvtres.write.1.tlog
c:\users\marcel\downloads\codiestudiants\estudiants\lp-osm-2223-dll\debug\lp-osm-2223-dll.tlog\link-rc.read.1.tlog
c:\users\marcel\downloads\codiestudiants\estudiants\lp-osm-2223-dll\debug\lp-osm-2223-dll.tlog\link-rc.write.1.tlog
c:\users\marcel\downloads\codiestudiants\estudiants\lp-osm-2223-dll\debug\lp-osm-2223-dll.tlog\link.command.1.tlog
c:\users\marcel\downloads\codiestudiants\estudiants\lp-osm-2223-dll\debug\lp-osm-2223-dll.tlog\link.read.1.tlog
c:\users\marcel\downloads\codiestudiants\estudiants\lp-osm-2223-dll\debug\lp-osm-2223-dll.tlog\link.write.1.tlog
